[debug] > Exec(early(addDefaultCommands), None, None)
[debug] > Exec(addDefaultCommands, None, None)
[debug] > Exec(early(initialize), None, None)
[debug] > Exec(initialize, None, None)
[debug] > Exec(early(addPluginSbtFile="""C:\Users\vigup\AppData\Local\Temp\idea1.sbt"""), None, None)
[debug] > Exec(addPluginSbtFile="""C:\Users\vigup\AppData\Local\Temp\idea1.sbt""", None, None)
[debug] > Exec(boot, None, None)
[debug] > Exec(writeSbtVersion, None, None)
[debug] > Exec(reload, None, None)
[debug] > Exec(sbtStashOnFailure, None, None)
[debug] > Exec(onFailure loadFailed, None, None)
[debug] > Exec(loadp, None, None)
[info] welcome to sbt 1.9.5 (Oracle Corporation Java 1.8.0_202)
[debug] Load.defaultLoad until apply took 197.9561ms
[debug]           Load.loadUnit: plugins took 95.5697ms
[debug]           Load.loadUnit: defsScala took 0.3783ms
[debug] [Loading] Scanning directory C:\Users\vigup\IdeaProjects\SparkDemoJul\project
[debug]             Load.loadUnit: mkEval took 6.869ms
[debug] [Loading] Found non-root projects 
[debug] [Loading] Done in C:\Users\vigup\IdeaProjects\SparkDemoJul\project, returning: ()
[debug] deducing auto plugins based on known facts Set(Atom(sbt.plugins.CorePlugin)) and clauses Clauses(Clause(Atom(sbt.plugins.JvmPlugin),Set(Atom(sbt.plugins.IvyPlugin)))
[debug] Clause(Atom(sbt.ScriptedPlugin),Set(Atom(sbt.plugins.JvmPlugin)))
[debug] Clause(Atom(sbt.plugins.SbtPlugin),Set(Atom(sbt.ScriptedPlugin)))
[debug] Clause(Atom(sbt.plugins.SemanticdbPlugin),Set(Atom(sbt.plugins.JvmPlugin)))
[debug] Clause(Atom(sbt.plugins.JUnitXmlReportPlugin),Set(Atom(sbt.plugins.JvmPlugin)))
[debug] Clause(Atom(sbt.plugins.MiniDependencyTreePlugin),Set(Atom(sbt.plugins.JvmPlugin)))
[debug] Clause(Atom(sbt.plugins.CorePlugin),Set(Atom(sbt.plugins.IvyPlugin)))
[debug] Clause(Atom(sbt.plugins.IvyPlugin),Set(Atom(sbt.plugins.JvmPlugin)))
[debug] Clause(Atom(sbt.plugins.JvmPlugin),Set(Atom(sbt.plugins.SemanticdbPlugin)))
[debug] Clause(Atom(sbt.plugins.JvmPlugin),Set(Atom(sbt.plugins.JUnitXmlReportPlugin)))
[debug] Clause(Atom(sbt.plugins.CorePlugin),Set(Atom(sbt.plugins.Giter8TemplatePlugin)))
[debug] Clause(Atom(sbt.plugins.JvmPlugin),Set(Atom(sbt.plugins.MiniDependencyTreePlugin))))
[debug]   :: deduced result: Matched(sbt.plugins.CorePlugin,sbt.plugins.Giter8TemplatePlugin,sbt.plugins.IvyPlugin,sbt.plugins.JvmPlugin,sbt.plugins.MiniDependencyTreePlugin,sbt.plugins.JUnitXmlReportPlugin,sbt.plugins.SemanticdbPlugin)
[debug] Plugins.deducer#function took 29.488 ms
[info] loading settings for project sparkdemojul-build from plugins.sbt,idea1.sbt ...
[debug]               Load.resolveProject(sparkdemojul-build) took 76.928ms
[debug]             Load.loadTransitive: finalizeProject(Project(id sparkdemojul-build, base: C:\Users\vigup\IdeaProjects\SparkDemoJul\project, plugins: List(<none>))) took 174.5909ms
[debug] [Loading] Done in C:\Users\vigup\IdeaProjects\SparkDemoJul\project, returning: (sparkdemojul-build)
[debug]           Load.loadUnit: loadedProjectsRaw took 558.8833ms
[debug]           Load.loadUnit: cleanEvalClasses took 12.1208ms
[debug]         Load.loadUnit(file:/C:/Users/vigup/IdeaProjects/SparkDemoJul/project/, ...) took 834.3962ms
[debug]       Load.apply: load took 1015.3199ms
[debug]       Load.apply: resolveProjects took 5.8362ms
[debug]       Load.apply: finalTransforms took 76.9501ms
[debug]       Load.apply: config.delegates took 8.8349ms
[debug]       Load.apply: Def.make(settings)... took 437.1544ms
[debug]       Load.apply: structureIndex took 121.6246ms
[debug]       Load.apply: mkStreams took 2.1435ms
[info] loading project definition from C:\Users\vigup\IdeaProjects\SparkDemoJul\project
[debug] Running task... Cancel: Signal, check cycles: false, forcegc: true
[debug]     Load.loadUnit: plugins took 2987.6162ms
[debug]     Load.loadUnit: defsScala took 0.0046ms
[debug] [Loading] Scanning directory C:\Users\vigup\IdeaProjects\SparkDemoJul
[debug]       Load.loadUnit: mkEval took 0.5003ms
[debug] [Loading] Found root project root w/ remaining 
[debug] deducing auto plugins based on known facts Set(Atom(sbt.plugins.CorePlugin)) and clauses Clauses(Clause(Atom(sbt.plugins.JvmPlugin),Set(Atom(sbt.plugins.IvyPlugin)))
[debug] Clause(Atom(sbt.ScriptedPlugin),Set(Atom(sbt.plugins.JvmPlugin)))
[debug] Clause(Atom(sbt.plugins.SbtPlugin),Set(Atom(sbt.ScriptedPlugin)))
[debug] Clause(Atom(sbt.plugins.SemanticdbPlugin),Set(Atom(sbt.plugins.JvmPlugin)))
[debug] Clause(Atom(sbt.plugins.JUnitXmlReportPlugin),Set(Atom(sbt.plugins.JvmPlugin)))
[debug] Clause(Atom(sbt.plugins.MiniDependencyTreePlugin),Set(Atom(sbt.plugins.JvmPlugin)))
[debug] Clause(Atom(sbtide.ConfigPlugin),Set(Atom(sbt.plugins.JvmPlugin)))
[debug] Clause(Atom(org.jetbrains.sbt.StructurePlugin),Set(Atom(sbt.plugins.JvmPlugin)))
[debug] Clause(Atom(org.jetbrains.sbt.IdeaShellPlugin),Set(Atom(sbt.plugins.JvmPlugin)))
[debug] Clause(Atom(org.jetbrains.sbt.indices.SbtIntellijIndicesPlugin),Set(Atom(sbt.plugins.JvmPlugin)))
[debug] Clause(Atom(sbt.plugins.CorePlugin),Set(Atom(sbt.plugins.IvyPlugin)))
[debug] Clause(Atom(sbt.plugins.IvyPlugin),Set(Atom(sbt.plugins.JvmPlugin)))
[debug] Clause(Atom(sbt.plugins.JvmPlugin),Set(Atom(sbt.plugins.SemanticdbPlugin)))
[debug] Clause(Atom(sbt.plugins.JvmPlugin),Set(Atom(sbt.plugins.JUnitXmlReportPlugin)))
[debug] Clause(Atom(sbt.plugins.CorePlugin),Set(Atom(sbt.plugins.Giter8TemplatePlugin)))
[debug] Clause(Atom(sbt.plugins.JvmPlugin),Set(Atom(sbt.plugins.MiniDependencyTreePlugin)))
[debug] Clause(Atom(sbt.plugins.JvmPlugin),Set(Atom(org.jetbrains.sbt.StructurePlugin)))
[debug] Clause(Atom(sbt.plugins.JvmPlugin),Set(Atom(org.jetbrains.sbt.IdeaShellPlugin)))
[debug] Clause(And(Set(Atom(sbt.plugins.CorePlugin), Atom(sbt.plugins.JvmPlugin))),Set(Atom(org.jetbrains.sbt.indices.SbtIntellijIndicesPlugin))))
[debug]   :: deduced result: Matched(sbt.plugins.CorePlugin,sbt.plugins.Giter8TemplatePlugin,sbt.plugins.IvyPlugin,sbt.plugins.JvmPlugin,sbt.plugins.SemanticdbPlugin,org.jetbrains.sbt.indices.SbtIntellijIndicesPlugin,sbt.plugins.JUnitXmlReportPlugin,org.jetbrains.sbt.IdeaShellPlugin,org.jetbrains.sbt.StructurePlugin,sbt.plugins.MiniDependencyTreePlugin)
[debug] Plugins.deducer#function took 3.4658 ms
[info] loading settings for project root from build.sbt ...
[debug]         Load.resolveProject(root) took 37.8675ms
[debug]       Load.loadTransitive: finalizeProject(Project(id root, base: C:\Users\vigup\IdeaProjects\SparkDemoJul, plugins: List(<none>))) took 43.4357ms
[debug] [Loading] Done in C:\Users\vigup\IdeaProjects\SparkDemoJul, returning: (root)
[debug]     Load.loadUnit: loadedProjectsRaw took 181.0655ms
[debug]     Load.loadUnit: cleanEvalClasses took 10.1591ms
[debug]   Load.loadUnit(file:/C:/Users/vigup/IdeaProjects/SparkDemoJul/, ...) took 3180.5409ms
[debug] Load.apply: load took 3202.7774ms
[debug] Load.apply: resolveProjects took 0.197ms
[debug] Load.apply: finalTransforms took 64.9638ms
[debug] Load.apply: config.delegates took 0.5595ms
[debug] Load.apply: Def.make(settings)... took 149.8637ms
[debug] Load.apply: structureIndex took 56.2059ms
[debug] Load.apply: mkStreams took 0.0042ms
[info] set current project to SparkDemoJul (in build file:/C:/Users/vigup/IdeaProjects/SparkDemoJul/)
[warn] there's a key that's not used by any other settings/tasks:
[warn]  
[warn] * root / idePackagePrefix
[warn]   +- C:\Users\vigup\IdeaProjects\SparkDemoJul\build.sbt:34
[warn]  
[warn] note: a setting might still be used by a command; to exclude a key from this `lintUnused` check
[warn] either append it to `Global / excludeLintKeys` or call .withRank(KeyRanks.Invisible) on the key
[debug] > Exec(sbtPopOnFailure, None, None)
[debug] > Exec(resumeFromFailure, None, None)
[debug] > Exec(notifyUsersAboutShell, None, None)
[debug] > Exec(iflast shell, None, None)
[debug] > Exec(; set ideaPort in Global := 63511 ; idea-shell, None, None)
[debug] > Exec(set ideaPort in Global := 63511, None, None)
[info] Defining Global / ideaPort
[info] The new value will be used by Compile / compile, Test / compile
[debug] Defining 
[debug] 	Global / ideaPort
[debug] 
[debug] The new value will be used by 
[debug] 	Compile / compile
[debug] 	Test / compile
[info] Reapplying settings...
[info] set current project to SparkDemoJul (in build file:/C:/Users/vigup/IdeaProjects/SparkDemoJul/)
[debug] > Exec(idea-shell, None, None)
