[debug] > Exec(early(addDefaultCommands), None, None)
[debug] > Exec(addDefaultCommands, None, None)
[debug] > Exec(early(initialize), None, None)
[debug] > Exec(initialize, None, None)
[debug] > Exec(early(addPluginSbtFile="""C:\Users\vigup\AppData\Local\Temp\idea.sbt"""), None, None)
[debug] > Exec(addPluginSbtFile="""C:\Users\vigup\AppData\Local\Temp\idea.sbt""", None, None)
[debug] > Exec(boot, None, None)
[debug] > Exec(writeSbtVersion, None, None)
[debug] > Exec(reload, None, None)
[debug] > Exec(sbtStashOnFailure, None, None)
[debug] > Exec(onFailure loadFailed, None, None)
[debug] > Exec(loadp, None, None)
[info] welcome to sbt 1.9.5 (Oracle Corporation Java 1.8.0_202)
[debug] Load.defaultLoad until apply took 236.3143ms
[debug]           Load.loadUnit: plugins took 276.6508ms
[debug]           Load.loadUnit: defsScala took 0.6441ms
[debug] [Loading] Scanning directory C:\Users\vigup\IdeaProjects\SparkDemoJul\project
[debug]             Load.loadUnit: mkEval took 162.796ms
[debug] [Loading] Found non-root projects 
[debug] [Loading] Done in C:\Users\vigup\IdeaProjects\SparkDemoJul\project, returning: ()
[debug] deducing auto plugins based on known facts Set(Atom(sbt.plugins.CorePlugin)) and clauses Clauses(Clause(Atom(sbt.plugins.JvmPlugin),Set(Atom(sbt.plugins.IvyPlugin)))
[debug] Clause(Atom(sbt.ScriptedPlugin),Set(Atom(sbt.plugins.JvmPlugin)))
[debug] Clause(Atom(sbt.plugins.SbtPlugin),Set(Atom(sbt.ScriptedPlugin)))
[debug] Clause(Atom(sbt.plugins.SemanticdbPlugin),Set(Atom(sbt.plugins.JvmPlugin)))
[debug] Clause(Atom(sbt.plugins.JUnitXmlReportPlugin),Set(Atom(sbt.plugins.JvmPlugin)))
[debug] Clause(Atom(sbt.plugins.MiniDependencyTreePlugin),Set(Atom(sbt.plugins.JvmPlugin)))
[debug] Clause(Atom(sbt.plugins.CorePlugin),Set(Atom(sbt.plugins.IvyPlugin)))
[debug] Clause(Atom(sbt.plugins.IvyPlugin),Set(Atom(sbt.plugins.JvmPlugin)))
[debug] Clause(Atom(sbt.plugins.JvmPlugin),Set(Atom(sbt.plugins.SemanticdbPlugin)))
[debug] Clause(Atom(sbt.plugins.JvmPlugin),Set(Atom(sbt.plugins.JUnitXmlReportPlugin)))
[debug] Clause(Atom(sbt.plugins.CorePlugin),Set(Atom(sbt.plugins.Giter8TemplatePlugin)))
[debug] Clause(Atom(sbt.plugins.JvmPlugin),Set(Atom(sbt.plugins.MiniDependencyTreePlugin))))
[debug]   :: deduced result: Matched(sbt.plugins.CorePlugin,sbt.plugins.Giter8TemplatePlugin,sbt.plugins.IvyPlugin,sbt.plugins.JvmPlugin,sbt.plugins.MiniDependencyTreePlugin,sbt.plugins.JUnitXmlReportPlugin,sbt.plugins.SemanticdbPlugin)
[debug] Plugins.deducer#function took 15.2114 ms
[info] loading settings for project sparkdemojul-build from plugins.sbt,idea.sbt ...
[debug]               Load.resolveProject(sparkdemojul-build) took 38.7822ms
[debug]             Load.loadTransitive: finalizeProject(Project(id sparkdemojul-build, base: C:\Users\vigup\IdeaProjects\SparkDemoJul\project, plugins: List(<none>))) took 102.4131ms
[debug] [Loading] Done in C:\Users\vigup\IdeaProjects\SparkDemoJul\project, returning: (sparkdemojul-build)
[debug]           Load.loadUnit: loadedProjectsRaw took 785.1095ms
[debug]           Load.loadUnit: cleanEvalClasses took 5.1773ms
[debug]         Load.loadUnit(file:/C:/Users/vigup/IdeaProjects/SparkDemoJul/project/, ...) took 1075.6832ms
[debug]       Load.apply: load took 1212.8673ms
[debug]       Load.apply: resolveProjects took 3.9725ms
[debug]       Load.apply: finalTransforms took 71.8803ms
[debug]       Load.apply: config.delegates took 6.064ms
[debug]       Load.apply: Def.make(settings)... took 465.9079ms
[debug]       Load.apply: structureIndex took 103.4659ms
[debug]       Load.apply: mkStreams took 2.0562ms
[info] loading project definition from C:\Users\vigup\IdeaProjects\SparkDemoJul\project
[debug] Running task... Cancel: Signal, check cycles: false, forcegc: true
[debug]     Load.loadUnit: plugins took 2997.6504ms
[debug]     Load.loadUnit: defsScala took 0.0227ms
[debug] [Loading] Scanning directory C:\Users\vigup\IdeaProjects\SparkDemoJul
[debug]       Load.loadUnit: mkEval took 1.2784ms
[debug] [Loading] Found root project root w/ remaining 
[debug] deducing auto plugins based on known facts Set(Atom(sbt.plugins.CorePlugin)) and clauses Clauses(Clause(Atom(sbt.plugins.JvmPlugin),Set(Atom(sbt.plugins.IvyPlugin)))
[debug] Clause(Atom(sbt.ScriptedPlugin),Set(Atom(sbt.plugins.JvmPlugin)))
[debug] Clause(Atom(sbt.plugins.SbtPlugin),Set(Atom(sbt.ScriptedPlugin)))
[debug] Clause(Atom(sbt.plugins.SemanticdbPlugin),Set(Atom(sbt.plugins.JvmPlugin)))
[debug] Clause(Atom(sbt.plugins.JUnitXmlReportPlugin),Set(Atom(sbt.plugins.JvmPlugin)))
[debug] Clause(Atom(sbt.plugins.MiniDependencyTreePlugin),Set(Atom(sbt.plugins.JvmPlugin)))
[debug] Clause(Atom(sbtide.ConfigPlugin),Set(Atom(sbt.plugins.JvmPlugin)))
[debug] Clause(Atom(org.jetbrains.sbt.StructurePlugin),Set(Atom(sbt.plugins.JvmPlugin)))
[debug] Clause(Atom(org.jetbrains.sbt.IdeaShellPlugin),Set(Atom(sbt.plugins.JvmPlugin)))
[debug] Clause(Atom(org.jetbrains.sbt.indices.SbtIntellijIndicesPlugin),Set(Atom(sbt.plugins.JvmPlugin)))
[debug] Clause(Atom(sbt.plugins.CorePlugin),Set(Atom(sbt.plugins.IvyPlugin)))
[debug] Clause(Atom(sbt.plugins.IvyPlugin),Set(Atom(sbt.plugins.JvmPlugin)))
[debug] Clause(Atom(sbt.plugins.JvmPlugin),Set(Atom(sbt.plugins.SemanticdbPlugin)))
[debug] Clause(Atom(sbt.plugins.JvmPlugin),Set(Atom(sbt.plugins.JUnitXmlReportPlugin)))
[debug] Clause(Atom(sbt.plugins.CorePlugin),Set(Atom(sbt.plugins.Giter8TemplatePlugin)))
[debug] Clause(Atom(sbt.plugins.JvmPlugin),Set(Atom(sbt.plugins.MiniDependencyTreePlugin)))
[debug] Clause(Atom(sbt.plugins.JvmPlugin),Set(Atom(org.jetbrains.sbt.StructurePlugin)))
[debug] Clause(Atom(sbt.plugins.JvmPlugin),Set(Atom(org.jetbrains.sbt.IdeaShellPlugin)))
[debug] Clause(And(Set(Atom(sbt.plugins.CorePlugin), Atom(sbt.plugins.JvmPlugin))),Set(Atom(org.jetbrains.sbt.indices.SbtIntellijIndicesPlugin))))
[debug]   :: deduced result: Matched(sbt.plugins.CorePlugin,sbt.plugins.Giter8TemplatePlugin,sbt.plugins.IvyPlugin,sbt.plugins.JvmPlugin,sbt.plugins.SemanticdbPlugin,org.jetbrains.sbt.indices.SbtIntellijIndicesPlugin,sbt.plugins.JUnitXmlReportPlugin,org.jetbrains.sbt.IdeaShellPlugin,org.jetbrains.sbt.StructurePlugin,sbt.plugins.MiniDependencyTreePlugin)
[debug] Plugins.deducer#function took 5.2838 ms
[info] loading settings for project root from build.sbt ...
[debug]         Load.resolveProject(root) took 31.7428ms
[debug]       Load.loadTransitive: finalizeProject(Project(id root, base: C:\Users\vigup\IdeaProjects\SparkDemoJul, plugins: List(<none>))) took 39.0703ms
[debug] [Loading] Done in C:\Users\vigup\IdeaProjects\SparkDemoJul, returning: (root)
[debug]     Load.loadUnit: loadedProjectsRaw took 300.6631ms
[debug]     Load.loadUnit: cleanEvalClasses took 6.0362ms
[debug]   Load.loadUnit(file:/C:/Users/vigup/IdeaProjects/SparkDemoJul/, ...) took 3311.3745ms
[debug] Load.apply: load took 3356.7112ms
[debug] Load.apply: resolveProjects took 0.185ms
[debug] Load.apply: finalTransforms took 23.7291ms
[debug] Load.apply: config.delegates took 0.4548ms
[debug] Load.apply: Def.make(settings)... took 117.9665ms
[debug] Load.apply: structureIndex took 33.7043ms
[debug] Load.apply: mkStreams took 0.0025ms
[info] set current project to SparkDemoJul (in build file:/C:/Users/vigup/IdeaProjects/SparkDemoJul/)
[warn] there's a key that's not used by any other settings/tasks:
[warn]  
[warn] * root / idePackagePrefix
[warn]   +- C:\Users\vigup\IdeaProjects\SparkDemoJul\build.sbt:34
[warn]  
[warn] note: a setting might still be used by a command; to exclude a key from this `lintUnused` check
[warn] either append it to `Global / excludeLintKeys` or call .withRank(KeyRanks.Invisible) on the key
[debug] > Exec(sbtPopOnFailure, None, None)
[debug] > Exec(resumeFromFailure, None, None)
[debug] > Exec(notifyUsersAboutShell, None, None)
[debug] > Exec(iflast shell, None, None)
[debug] > Exec(; set ideaPort in Global := 63511 ; idea-shell, None, None)
[debug] > Exec(set ideaPort in Global := 63511, None, None)
[info] Defining Global / ideaPort
[info] The new value will be used by Compile / compile, Test / compile
[debug] Defining 
[debug] 	Global / ideaPort
[debug] 
[debug] The new value will be used by 
[debug] 	Compile / compile
[debug] 	Test / compile
[info] Reapplying settings...
[info] set current project to SparkDemoJul (in build file:/C:/Users/vigup/IdeaProjects/SparkDemoJul/)
[debug] > Exec(idea-shell, None, None)
